app/build/intermediates/manifest_merge_blame_file/debug/manifest-merger-blame-debug-report.txt
1<?xml version="1.0" encoding="utf-8"?>
2<manifest xmlns:android="http://schemas.android.com/apk/res/android"
3    package="org.tensorflow.codelabs.objectdetection"
4    android:versionCode="1"
5    android:versionName="1.0" >
6
7    <uses-sdk
8        android:minSdkVersion="23"
8-->src\main\AndroidManifest.xml
9        android:targetSdkVersion="30" />
9-->src\main\AndroidManifest.xml
10
11    <uses-permission android:name="android.permission.READ_EXTERNAL_STORAGE" />
11-->src\main\AndroidManifest.xml:6:5-80
11-->src\main\AndroidManifest.xml:6:22-77
12    <uses-permission android:name="android.permission.WRITE_EXTERNAL_STORAGE" />
12-->src\main\AndroidManifest.xml:7:5-9:40
12-->src\main\AndroidManifest.xml:8:9-65
13    <uses-permission android:name="android.permission.MANAGE_EXTERNAL_STORAGE" />
13-->src\main\AndroidManifest.xml:10:5-82
13-->src\main\AndroidManifest.xml:10:22-79
14    <uses-permission android:name="android.permission.WRITE_EXTERNAL_STORAGE" />
14-->src\main\AndroidManifest.xml:7:5-9:40
14-->src\main\AndroidManifest.xml:8:9-65
15    <uses-permission android:name="android.permission.READ_EXTERNAL_STORAGE" />
15-->src\main\AndroidManifest.xml:6:5-80
15-->src\main\AndroidManifest.xml:6:22-77
16
17    <queries>
17-->src\main\AndroidManifest.xml:17:5-21:15
18        <intent>
18-->src\main\AndroidManifest.xml:18:9-20:18
19            <action android:name="android.media.action.IMAGE_CAPTURE" />
19-->src\main\AndroidManifest.xml:19:13-73
19-->src\main\AndroidManifest.xml:19:21-70
20        </intent>
21    </queries>
22
23    <!-- Although the *SdkVersion is captured in gradle build files, this is required for non gradle builds -->
24    <!-- <uses-sdk android:minSdkVersion="14"/> -->
25    <uses-permission android:name="android.permission.ACCESS_NETWORK_STATE" />
25-->[com.google.android.datatransport:transport-backend-cct:2.3.3] AndroidManifest.xml:25:5-79
25-->[com.google.android.datatransport:transport-backend-cct:2.3.3] AndroidManifest.xml:25:22-76
26    <uses-permission android:name="android.permission.INTERNET" />
26-->[com.google.android.datatransport:transport-backend-cct:2.3.3] AndroidManifest.xml:26:5-67
26-->[com.google.android.datatransport:transport-backend-cct:2.3.3] AndroidManifest.xml:26:22-64
27    <uses-permission android:name="android.permission.READ_PHONE_STATE" />
28
29    <application
29-->src\main\AndroidManifest.xml:23:5-73:19
30        android:allowBackup="true"
30-->src\main\AndroidManifest.xml:24:9-35
31        android:appComponentFactory="androidx.core.app.CoreComponentFactory"
31-->[androidx.core:core:1.3.2] AndroidManifest.xml:24:18-86
32        android:debuggable="true"
33        android:extractNativeLibs="false"
34        android:icon="@mipmap/ic_launcher"
34-->src\main\AndroidManifest.xml:25:9-43
35        android:label="@string/app_name"
35-->src\main\AndroidManifest.xml:26:9-41
36        android:roundIcon="@mipmap/ic_launcher_round"
36-->src\main\AndroidManifest.xml:27:9-54
37        android:supportsRtl="true"
37-->src\main\AndroidManifest.xml:28:9-35
38        android:testOnly="true"
39        android:theme="@style/Theme.ObjectDetection" >
39-->src\main\AndroidManifest.xml:29:9-53
40        <activity
40-->src\main\AndroidManifest.xml:31:9-34:51
41            android:name="org.tensorflow.codelabs.objectdetection.visualizar_datos_almacenados"
41-->src\main\AndroidManifest.xml:32:13-57
42            android:exported="false"
42-->src\main\AndroidManifest.xml:33:13-37
43            android:screenOrientation="portrait" />
43-->src\main\AndroidManifest.xml:34:13-49
44        <activity
44-->src\main\AndroidManifest.xml:37:9-40:51
45            android:name="org.tensorflow.codelabs.objectdetection.scanner_consumo"
45-->src\main\AndroidManifest.xml:38:13-44
46            android:exported="false"
46-->src\main\AndroidManifest.xml:39:13-37
47            android:screenOrientation="portrait" />
47-->src\main\AndroidManifest.xml:40:13-49
48        <activity
48-->src\main\AndroidManifest.xml:41:9-44:51
49            android:name="org.tensorflow.codelabs.objectdetection.scanner_numSerie"
49-->src\main\AndroidManifest.xml:42:13-45
50            android:exported="false"
50-->src\main\AndroidManifest.xml:43:13-37
51            android:screenOrientation="portrait" />
51-->src\main\AndroidManifest.xml:44:13-49
52        <activity
52-->src\main\AndroidManifest.xml:47:9-50:51
53            android:name="org.tensorflow.codelabs.objectdetection.visualizar_datos_seleccionados"
53-->src\main\AndroidManifest.xml:48:13-59
54            android:exported="false"
54-->src\main\AndroidManifest.xml:49:13-37
55            android:screenOrientation="portrait" />
55-->src\main\AndroidManifest.xml:50:13-49
56        <activity
56-->src\main\AndroidManifest.xml:52:9-58:20
57            android:name="org.tensorflow.codelabs.objectdetection.MainActivity"
57-->src\main\AndroidManifest.xml:52:19-47
58            android:screenOrientation="portrait" >
58-->src\main\AndroidManifest.xml:53:13-49
59            <intent-filter>
59-->src\main\AndroidManifest.xml:54:13-57:29
60                <action android:name="android.intent.action.MAIN" />
60-->src\main\AndroidManifest.xml:55:17-69
60-->src\main\AndroidManifest.xml:55:25-66
61
62                <category android:name="android.intent.category.LAUNCHER" />
62-->src\main\AndroidManifest.xml:56:17-77
62-->src\main\AndroidManifest.xml:56:27-74
63            </intent-filter>
64        </activity>
65
66        <provider
66-->src\main\AndroidManifest.xml:60:9-71:20
67            android:name="androidx.core.content.FileProvider"
67-->src\main\AndroidManifest.xml:61:13-62
68            android:authorities="org.tensorflow.codelabs.objectdetection.fileprovider"
68-->src\main\AndroidManifest.xml:62:13-87
69            android:exported="false"
69-->src\main\AndroidManifest.xml:63:13-37
70            android:grantUriPermissions="true" >
70-->src\main\AndroidManifest.xml:64:13-47
71            <meta-data
71-->src\main\AndroidManifest.xml:65:13-67:54
72                android:name="android.support.FILE_PROVIDER_PATHS"
72-->src\main\AndroidManifest.xml:66:17-67
73                android:resource="@xml/file_paths" />
73-->src\main\AndroidManifest.xml:67:17-51
74            <meta-data
74-->src\main\AndroidManifest.xml:68:13-70:39
75                android:name="com.google.mlkit.vision.DEPENDENCIES"
75-->src\main\AndroidManifest.xml:69:17-68
76                android:value="ocr" />
76-->src\main\AndroidManifest.xml:70:17-36
77        </provider>
78
79        <service
79-->[com.google.android.gms:play-services-mlkit-text-recognition-common:18.0.0] AndroidManifest.xml:9:9-15:19
80            android:name="com.google.mlkit.common.internal.MlKitComponentDiscoveryService"
80-->[com.google.android.gms:play-services-mlkit-text-recognition-common:18.0.0] AndroidManifest.xml:10:13-91
81            android:directBootAware="true"
81-->[com.google.mlkit:common:18.5.0] AndroidManifest.xml:17:13-43
82            android:exported="false" >
82-->[com.google.android.gms:play-services-mlkit-text-recognition-common:18.0.0] AndroidManifest.xml:11:13-37
83            <meta-data
83-->[com.google.android.gms:play-services-mlkit-text-recognition-common:18.0.0] AndroidManifest.xml:12:13-14:85
84                android:name="com.google.firebase.components:com.google.mlkit.vision.text.internal.TextRegistrar"
84-->[com.google.android.gms:play-services-mlkit-text-recognition-common:18.0.0] AndroidManifest.xml:13:17-114
85                android:value="com.google.firebase.components.ComponentRegistrar" />
85-->[com.google.android.gms:play-services-mlkit-text-recognition-common:18.0.0] AndroidManifest.xml:14:17-82
86            <meta-data
86-->[com.google.mlkit:vision-common:17.2.1] AndroidManifest.xml:12:13-14:85
87                android:name="com.google.firebase.components:com.google.mlkit.vision.common.internal.VisionCommonRegistrar"
87-->[com.google.mlkit:vision-common:17.2.1] AndroidManifest.xml:13:17-124
88                android:value="com.google.firebase.components.ComponentRegistrar" />
88-->[com.google.mlkit:vision-common:17.2.1] AndroidManifest.xml:14:17-82
89            <meta-data
89-->[com.google.mlkit:common:18.5.0] AndroidManifest.xml:20:13-22:85
90                android:name="com.google.firebase.components:com.google.mlkit.common.internal.CommonComponentRegistrar"
90-->[com.google.mlkit:common:18.5.0] AndroidManifest.xml:21:17-120
91                android:value="com.google.firebase.components.ComponentRegistrar" />
91-->[com.google.mlkit:common:18.5.0] AndroidManifest.xml:22:17-82
92        </service>
93
94        <provider
94-->[com.google.mlkit:common:18.5.0] AndroidManifest.xml:9:9-13:38
95            android:name="com.google.mlkit.common.internal.MlKitInitProvider"
95-->[com.google.mlkit:common:18.5.0] AndroidManifest.xml:10:13-78
96            android:authorities="org.tensorflow.codelabs.objectdetection.mlkitinitprovider"
96-->[com.google.mlkit:common:18.5.0] AndroidManifest.xml:11:13-69
97            android:exported="false"
97-->[com.google.mlkit:common:18.5.0] AndroidManifest.xml:12:13-37
98            android:initOrder="99" />
98-->[com.google.mlkit:common:18.5.0] AndroidManifest.xml:13:13-35
99
100        <activity
100-->[com.google.android.gms:play-services-base:18.1.0] AndroidManifest.xml:20:9-22:45
101            android:name="com.google.android.gms.common.api.GoogleApiActivity"
101-->[com.google.android.gms:play-services-base:18.1.0] AndroidManifest.xml:20:19-85
102            android:exported="false"
102-->[com.google.android.gms:play-services-base:18.1.0] AndroidManifest.xml:22:19-43
103            android:theme="@android:style/Theme.Translucent.NoTitleBar" />
103-->[com.google.android.gms:play-services-base:18.1.0] AndroidManifest.xml:21:19-78
104
105        <meta-data
105-->[com.google.android.gms:play-services-basement:18.1.0] AndroidManifest.xml:21:9-23:69
106            android:name="com.google.android.gms.version"
106-->[com.google.android.gms:play-services-basement:18.1.0] AndroidManifest.xml:22:13-58
107            android:value="@integer/google_play_services_version" />
107-->[com.google.android.gms:play-services-basement:18.1.0] AndroidManifest.xml:23:13-66
108
109        <service
109-->[com.google.android.datatransport:transport-backend-cct:2.3.3] AndroidManifest.xml:29:9-35:19
110            android:name="com.google.android.datatransport.runtime.backends.TransportBackendDiscovery"
110-->[com.google.android.datatransport:transport-backend-cct:2.3.3] AndroidManifest.xml:30:13-103
111            android:exported="false" >
111-->[com.google.android.datatransport:transport-backend-cct:2.3.3] AndroidManifest.xml:31:13-37
112            <meta-data
112-->[com.google.android.datatransport:transport-backend-cct:2.3.3] AndroidManifest.xml:32:13-34:39
113                android:name="backend:com.google.android.datatransport.cct.CctBackendFactory"
113-->[com.google.android.datatransport:transport-backend-cct:2.3.3] AndroidManifest.xml:33:17-94
114                android:value="cct" />
114-->[com.google.android.datatransport:transport-backend-cct:2.3.3] AndroidManifest.xml:34:17-36
115        </service>
116        <service
116-->[com.google.android.datatransport:transport-runtime:2.2.6] AndroidManifest.xml:26:9-30:19
117            android:name="com.google.android.datatransport.runtime.scheduling.jobscheduling.JobInfoSchedulerService"
117-->[com.google.android.datatransport:transport-runtime:2.2.6] AndroidManifest.xml:27:13-117
118            android:exported="false"
118-->[com.google.android.datatransport:transport-runtime:2.2.6] AndroidManifest.xml:28:13-37
119            android:permission="android.permission.BIND_JOB_SERVICE" >
119-->[com.google.android.datatransport:transport-runtime:2.2.6] AndroidManifest.xml:29:13-69
120        </service>
121
122        <receiver
122-->[com.google.android.datatransport:transport-runtime:2.2.6] AndroidManifest.xml:32:9-34:40
123            android:name="com.google.android.datatransport.runtime.scheduling.jobscheduling.AlarmManagerSchedulerBroadcastReceiver"
123-->[com.google.android.datatransport:transport-runtime:2.2.6] AndroidManifest.xml:33:13-132
124            android:exported="false" />
124-->[com.google.android.datatransport:transport-runtime:2.2.6] AndroidManifest.xml:34:13-37
125    </application>
126
127</manifest>